GROUP,PACKAGE,CLASS,INSTRUCTION_MISSED,INSTRUCTION_COVERED,BRANCH_MISSED,BRANCH_COVERED,LINE_MISSED,LINE_COVERED,COMPLEXITY_MISSED,COMPLEXITY_COVERED,METHOD_MISSED,METHOD_COVERED
tp-4A-2020,com.esiea.tp4A.domain,Position,7,0,0,0,1,0,1,0,1,0
tp-4A-2020,com.esiea.tp4A.domain,Position.FixedPosition,3,18,0,0,1,7,1,3,1,3
tp-4A-2020,com.esiea.tp4A.domain,MarsRover,11,0,0,0,4,0,4,0,4,0
tp-4A-2020,com.esiea.tp4A.domain,Direction,0,44,0,0,0,2,0,1,0,1
tp-4A-2020,com.esiea.tp4A,CondMvt,75,43,14,2,6,9,11,4,3,4
tp-4A-2020,com.esiea.tp4A,RoverMovment,77,23,19,1,21,8,19,3,3,3
tp-4A-2020,com.esiea.tp4A,Laser,137,15,21,0,22,6,17,1,5,1
tp-4A-2020,com.esiea.tp4A,Mars,27,118,8,6,2,28,7,7,3,4
tp-4A-2020,com.esiea.tp4A,Rover,18,34,6,4,7,12,6,4,0,3
